2024-02-10 11:23:37,724 INFO  [Log] **************************************************************************************** 
2024-02-10 11:23:37,725 INFO  [Log] **************************************************************************************** 
2024-02-10 11:23:37,731 INFO  [Log] $$$$$$$$$$$$$$$$$$$$$                 My login test case       $$$$$$$$$$$$$$$$$$$$$$$$$ 
2024-02-10 11:23:37,731 INFO  [Log] **************************************************************************************** 
2024-02-10 11:23:37,731 INFO  [Log] **************************************************************************************** 
2024-02-10 11:23:37,731 INFO  [Log] My test case is executing 
2024-02-10 11:23:37,731 INFO  [Log] I am testing log4j functionality 
2024-02-10 11:23:37,731 INFO  [Log] XXXXXXXXXXXXXXXXXXXXXXX             -E---N---D-             XXXXXXXXXXXXXXXXXXXXXX 
2024-02-10 11:23:37,731 INFO  [Log] X 
2024-02-10 11:23:37,731 INFO  [Log] X 
2024-02-10 11:23:37,731 INFO  [Log] X 
2024-02-10 11:23:37,731 INFO  [Log] X 
2024-02-10 11:23:43,550 INFO  [Log] **************************************************************************************** 
2024-02-10 11:23:43,553 INFO  [Log] **************************************************************************************** 
2024-02-10 11:23:43,570 INFO  [Log] $$$$$$$$$$$$$$$$$$$$$                 My login test case       $$$$$$$$$$$$$$$$$$$$$$$$$ 
2024-02-10 11:23:43,570 INFO  [Log] **************************************************************************************** 
2024-02-10 11:23:43,570 INFO  [Log] **************************************************************************************** 
2024-02-10 11:23:43,571 INFO  [Log] My test case is executing 
2024-02-10 11:23:43,571 INFO  [Log] I am testing log4j functionality 
2024-02-10 11:23:43,571 INFO  [Log] XXXXXXXXXXXXXXXXXXXXXXX             -E---N---D-             XXXXXXXXXXXXXXXXXXXXXX 
2024-02-10 11:23:43,571 INFO  [Log] X 
2024-02-10 11:23:43,571 INFO  [Log] X 
2024-02-10 11:23:43,571 INFO  [Log] X 
2024-02-10 11:23:43,572 INFO  [Log] X 
2024-02-10 11:23:47,955 INFO  [Log] **************************************************************************************** 
2024-02-10 11:23:47,956 INFO  [Log] **************************************************************************************** 
2024-02-10 11:23:47,974 INFO  [Log] $$$$$$$$$$$$$$$$$$$$$                 My login test case       $$$$$$$$$$$$$$$$$$$$$$$$$ 
2024-02-10 11:23:47,974 INFO  [Log] **************************************************************************************** 
2024-02-10 11:23:47,974 INFO  [Log] **************************************************************************************** 
2024-02-10 11:23:47,974 INFO  [Log] My test case is executing 
2024-02-10 11:23:47,974 INFO  [Log] I am testing log4j functionality 
2024-02-10 11:23:47,974 INFO  [Log] XXXXXXXXXXXXXXXXXXXXXXX             -E---N---D-             XXXXXXXXXXXXXXXXXXXXXX 
2024-02-10 11:23:47,974 INFO  [Log] X 
2024-02-10 11:23:47,974 INFO  [Log] X 
2024-02-10 11:23:47,974 INFO  [Log] X 
2024-02-10 11:23:47,974 INFO  [Log] X 
2024-02-11 22:15:33,493 INFO  [Log] **************************************************************************************** 
2024-02-11 22:15:33,494 INFO  [Log] **************************************************************************************** 
2024-02-11 22:15:33,497 INFO  [Log] $$$$$$$$$$$$$$$$$$$$$                 My login test case       $$$$$$$$$$$$$$$$$$$$$$$$$ 
2024-02-11 22:15:33,497 INFO  [Log] **************************************************************************************** 
2024-02-11 22:15:33,497 INFO  [Log] **************************************************************************************** 
2024-02-11 22:15:33,497 INFO  [Log] My test case is executing 
2024-02-11 22:15:33,497 INFO  [Log] I am testing log4j functionality 
2024-02-11 22:15:33,497 INFO  [Log] XXXXXXXXXXXXXXXXXXXXXXX             -E---N---D-             XXXXXXXXXXXXXXXXXXXXXX 
2024-02-11 22:15:33,497 INFO  [Log] X 
2024-02-11 22:15:33,497 INFO  [Log] X 
2024-02-11 22:15:33,497 INFO  [Log] X 
2024-02-11 22:15:33,497 INFO  [Log] X 
2024-02-11 22:18:12,806 INFO  [Log] **************************************************************************************** 
2024-02-11 22:18:12,807 INFO  [Log] **************************************************************************************** 
2024-02-11 22:18:12,811 INFO  [Log] $$$$$$$$$$$$$$$$$$$$$                 My login test case       $$$$$$$$$$$$$$$$$$$$$$$$$ 
2024-02-11 22:18:12,811 INFO  [Log] **************************************************************************************** 
2024-02-11 22:18:12,811 INFO  [Log] **************************************************************************************** 
2024-02-11 22:18:12,811 INFO  [Log] My test case is executing 
2024-02-11 22:18:12,811 INFO  [Log] I am testing log4j functionality 
2024-02-11 22:18:12,811 INFO  [Log] XXXXXXXXXXXXXXXXXXXXXXX             -E---N---D-             XXXXXXXXXXXXXXXXXXXXXX 
2024-02-11 22:18:12,811 INFO  [Log] X 
2024-02-11 22:18:12,811 INFO  [Log] X 
2024-02-11 22:18:12,811 INFO  [Log] X 
2024-02-11 22:18:12,811 INFO  [Log] X 
2024-02-11 22:19:17,953 INFO  [Log] **************************************************************************************** 
2024-02-11 22:19:17,953 INFO  [Log] **************************************************************************************** 
2024-02-11 22:19:17,957 INFO  [Log] $$$$$$$$$$$$$$$$$$$$$                 My login test case       $$$$$$$$$$$$$$$$$$$$$$$$$ 
2024-02-11 22:19:17,957 INFO  [Log] **************************************************************************************** 
2024-02-11 22:19:17,957 INFO  [Log] **************************************************************************************** 
2024-02-11 22:19:17,957 INFO  [Log] My test case is executing 
2024-02-11 22:19:17,957 INFO  [Log] I am testing log4j functionality 
2024-02-11 22:19:17,957 INFO  [Log] XXXXXXXXXXXXXXXXXXXXXXX             -E---N---D-             XXXXXXXXXXXXXXXXXXXXXX 
2024-02-11 22:19:17,957 INFO  [Log] X 
2024-02-11 22:19:17,957 INFO  [Log] X 
2024-02-11 22:19:17,957 INFO  [Log] X 
2024-02-11 22:19:17,957 INFO  [Log] X 
2024-02-11 22:29:30,702 INFO  [Log] **************************************************************************************** 
2024-02-11 22:29:30,702 INFO  [Log] **************************************************************************************** 
2024-02-11 22:29:30,705 INFO  [Log] $$$$$$$$$$$$$$$$$$$$$                 My login test case       $$$$$$$$$$$$$$$$$$$$$$$$$ 
2024-02-11 22:29:30,705 INFO  [Log] **************************************************************************************** 
2024-02-11 22:29:30,705 INFO  [Log] **************************************************************************************** 
2024-02-11 22:29:30,705 INFO  [Log] My test case is executing 
2024-02-11 22:29:30,705 INFO  [Log] I am testing log4j functionality 
2024-02-11 22:29:30,705 INFO  [Log] XXXXXXXXXXXXXXXXXXXXXXX             -E---N---D-             XXXXXXXXXXXXXXXXXXXXXX 
2024-02-11 22:29:30,705 INFO  [Log] X 
2024-02-11 22:29:30,705 INFO  [Log] X 
2024-02-11 22:29:30,705 INFO  [Log] X 
2024-02-11 22:29:30,705 INFO  [Log] X 
2024-02-16 12:49:26,983 INFO  [Log] **************************************************************************************** 
2024-02-16 12:49:26,984 INFO  [Log] **************************************************************************************** 
2024-02-16 12:49:26,989 INFO  [Log] $$$$$$$$$$$$$$$$$$$$$                 My login test case       $$$$$$$$$$$$$$$$$$$$$$$$$ 
2024-02-16 12:49:26,989 INFO  [Log] **************************************************************************************** 
2024-02-16 12:49:26,989 INFO  [Log] **************************************************************************************** 
2024-02-16 12:49:26,989 INFO  [Log] My test case is executing 
2024-02-16 12:49:26,989 INFO  [Log] I am testing log4j functionality 
2024-02-16 12:49:26,989 INFO  [Log] XXXXXXXXXXXXXXXXXXXXXXX             -E---N---D-             XXXXXXXXXXXXXXXXXXXXXX 
2024-02-16 12:49:26,989 INFO  [Log] X 
2024-02-16 12:49:26,989 INFO  [Log] X 
2024-02-16 12:49:26,989 INFO  [Log] X 
2024-02-16 12:49:26,989 INFO  [Log] X 
2024-02-16 14:08:16,447 INFO  [Log] **************************************************************************************** 
2024-02-16 14:08:16,448 INFO  [Log] **************************************************************************************** 
2024-02-16 14:08:16,455 INFO  [Log] $$$$$$$$$$$$$$$$$$$$$                 My login test case       $$$$$$$$$$$$$$$$$$$$$$$$$ 
2024-02-16 14:08:16,455 INFO  [Log] **************************************************************************************** 
2024-02-16 14:08:16,455 INFO  [Log] **************************************************************************************** 
2024-02-16 14:08:16,455 INFO  [Log] My test case is executing 
2024-02-16 14:08:16,455 INFO  [Log] I am testing log4j functionality 
2024-02-16 14:08:16,455 INFO  [Log] XXXXXXXXXXXXXXXXXXXXXXX             -E---N---D-             XXXXXXXXXXXXXXXXXXXXXX 
2024-02-16 14:08:16,455 INFO  [Log] X 
2024-02-16 14:08:16,455 INFO  [Log] X 
2024-02-16 14:08:16,455 INFO  [Log] X 
2024-02-16 14:08:16,455 INFO  [Log] X 
